# JRE version: OpenJDK Runtime Environment (8.0_232-b09) (build 1.8.0_232-b09)
# Java VM: OpenJDK 64-Bit Server VM (25.232-b09 mixed mode windows-amd64 compressed oops)
Heap:
 PSYoungGen      total 38400K, used 12064K [0x00000000d5900000, 0x00000000d8d80000, 0x0000000100000000)
  eden space 33280K, 20% used [0x00000000d5900000,0x00000000d5fcd388,0x00000000d7980000)
  from space 5120K, 99% used [0x00000000d7980000,0x00000000d7e7af90,0x00000000d7e80000)
  to   space 5120K, 0% used [0x00000000d8880000,0x00000000d8880000,0x00000000d8d80000)
 ParOldGen       total 59904K, used 3089K [0x0000000080a00000, 0x0000000084480000, 0x00000000d5900000)
  object space 59904K, 5% used [0x0000000080a00000,0x0000000080d04470,0x0000000084480000)
 Metaspace       used 14413K, capacity 14718K, committed 14848K, reserved 1064960K
  class space    used 1690K, capacity 1783K, committed 1792K, reserved 1048576K
GC Heap History (8 events):
Event: 0.320 GC heap before
{Heap before GC invocations=1 (full 0):
 PSYoungGen      total 38400K, used 6700K [0x00000000d5900000, 0x00000000d8380000, 0x0000000100000000)
  eden space 33280K, 20% used [0x00000000d5900000,0x00000000d5f8b260,0x00000000d7980000)
  from space 5120K, 0% used [0x00000000d7e80000,0x00000000d7e80000,0x00000000d8380000)
  to   space 5120K, 0% used [0x00000000d7980000,0x00000000d7980000,0x00000000d7e80000)
 ParOldGen       total 87552K, used 0K [0x0000000080a00000, 0x0000000085f80000, 0x00000000d5900000)
  object space 87552K, 0% used [0x0000000080a00000,0x0000000080a00000,0x0000000085f80000)
 Metaspace       used 5254K, capacity 5404K, committed 5504K, reserved 1060864K
  class space    used 511K, capacity 572K, committed 640K, reserved 1048576K
Event: 0.322 GC heap after
Heap after GC invocations=1 (full 0):
 PSYoungGen      total 38400K, used 1980K [0x00000000d5900000, 0x00000000d8380000, 0x0000000100000000)
  eden space 33280K, 0% used [0x00000000d5900000,0x00000000d5900000,0x00000000d7980000)
  from space 5120K, 38% used [0x00000000d7980000,0x00000000d7b6f3c0,0x00000000d7e80000)
  to   space 5120K, 0% used [0x00000000d7e80000,0x00000000d7e80000,0x00000000d8380000)
 ParOldGen       total 87552K, used 8K [0x0000000080a00000, 0x0000000085f80000, 0x00000000d5900000)
  object space 87552K, 0% used [0x0000000080a00000,0x0000000080a02000,0x0000000085f80000)
 Metaspace       used 5254K, capacity 5404K, committed 5504K, reserved 1060864K
  class space    used 511K, capacity 572K, committed 640K, reserved 1048576K
}
Event: 0.322 GC heap before
{Heap before GC invocations=2 (full 1):
 PSYoungGen      total 38400K, used 1980K [0x00000000d5900000, 0x00000000d8380000, 0x0000000100000000)
  eden space 33280K, 0% used [0x00000000d5900000,0x00000000d5900000,0x00000000d7980000)
  from space 5120K, 38% used [0x00000000d7980000,0x00000000d7b6f3c0,0x00000000d7e80000)
  to   space 5120K, 0% used [0x00000000d7e80000,0x00000000d7e80000,0x00000000d8380000)
 ParOldGen       total 87552K, used 8K [0x0000000080a00000, 0x0000000085f80000, 0x00000000d5900000)
  object space 87552K, 0% used [0x0000000080a00000,0x0000000080a02000,0x0000000085f80000)
 Metaspace       used 5254K, capacity 5404K, committed 5504K, reserved 1060864K
  class space    used 511K, capacity 572K, committed 640K, reserved 1048576K
Event: 0.329 GC heap after
Heap after GC invocations=2 (full 1):
 PSYoungGen      total 38400K, used 0K [0x00000000d5900000, 0x00000000d8380000, 0x0000000100000000)
  eden space 33280K, 0% used [0x00000000d5900000,0x00000000d5900000,0x00000000d7980000)
  from space 5120K, 0% used [0x00000000d7980000,0x00000000d7980000,0x00000000d7e80000)
  to   space 5120K, 0% used [0x00000000d7e80000,0x00000000d7e80000,0x00000000d8380000)
 ParOldGen       total 59904K, used 1819K [0x0000000080a00000, 0x0000000084480000, 0x00000000d5900000)
  object space 59904K, 3% used [0x0000000080a00000,0x0000000080bc6f88,0x0000000084480000)
 Metaspace       used 5254K, capacity 5404K, committed 5504K, reserved 1058816K
  class space    used 511K, capacity 572K, committed 640K, reserved 1048576K
}
Event: 0.798 GC heap before
{Heap before GC invocations=3 (full 1):
 PSYoungGen      total 38400K, used 33280K [0x00000000d5900000, 0x00000000d8380000, 0x0000000100000000)
  eden space 33280K, 100% used [0x00000000d5900000,0x00000000d7980000,0x00000000d7980000)
  from space 5120K, 0% used [0x00000000d7980000,0x00000000d7980000,0x00000000d7e80000)
  to   space 5120K, 0% used [0x00000000d7e80000,0x00000000d7e80000,0x00000000d8380000)
 ParOldGen       total 59904K, used 1819K [0x0000000080a00000, 0x0000000084480000, 0x00000000d5900000)
  object space 59904K, 3% used [0x0000000080a00000,0x0000000080bc6f88,0x0000000084480000)
 Metaspace       used 9117K, capacity 9346K, committed 9600K, reserved 1060864K
  class space    used 1036K, capacity 1117K, committed 1152K, reserved 1048576K
Event: 0.802 GC heap after
Heap after GC invocations=3 (full 1):
 PSYoungGen      total 38400K, used 4313K [0x00000000d5900000, 0x00000000d8d00000, 0x0000000100000000)
  eden space 33280K, 0% used [0x00000000d5900000,0x00000000d5900000,0x00000000d7980000)
  from space 5120K, 84% used [0x00000000d7e80000,0x00000000d82b66c8,0x00000000d8380000)
  to   space 5120K, 0% used [0x00000000d7980000,0x00000000d7980000,0x00000000d7e80000)
 ParOldGen       total 59904K, used 1827K [0x0000000080a00000, 0x0000000084480000, 0x00000000d5900000)
  object space 59904K, 3% used [0x0000000080a00000,0x0000000080bc8f88,0x0000000084480000)
 Metaspace       used 9117K, capacity 9346K, committed 9600K, reserved 1060864K
  class space    used 1036K, capacity 1117K, committed 1152K, reserved 1048576K
}
Event: 1.364 GC heap before
{Heap before GC invocations=4 (full 1):
 PSYoungGen      total 38400K, used 37593K [0x00000000d5900000, 0x00000000d8d00000, 0x0000000100000000)
  eden space 33280K, 100% used [0x00000000d5900000,0x00000000d7980000,0x00000000d7980000)
  from space 5120K, 84% used [0x00000000d7e80000,0x00000000d82b66c8,0x00000000d8380000)
  to   space 5120K, 0% used [0x00000000d7980000,0x00000000d7980000,0x00000000d7e80000)
 ParOldGen       total 59904K, used 1827K [0x0000000080a00000, 0x0000000084480000, 0x00000000d5900000)
  object space 59904K, 3% used [0x0000000080a00000,0x0000000080bc8f88,0x0000000084480000)
 Metaspace       used 13434K, capacity 13678K, committed 14080K, reserved 1064960K
  class space    used 1593K, capacity 1678K, committed 1792K, reserved 1048576K
Event: 1.370 GC heap after
Heap after GC invocations=4 (full 1):
 PSYoungGen      total 38400K, used 5099K [0x00000000d5900000, 0x00000000d8d80000, 0x0000000100000000)
  eden space 33280K, 0% used [0x00000000d5900000,0x00000000d5900000,0x00000000d7980000)
  from space 5120K, 99% used [0x00000000d7980000,0x00000000d7e7af90,0x00000000d7e80000)
  to   space 5120K, 0% used [0x00000000d8880000,0x00000000d8880000,0x00000000d8d80000)
 ParOldGen       total 59904K, used 3089K [0x0000000080a00000, 0x0000000084480000, 0x00000000d5900000)
  object space 59904K, 5% used [0x0000000080a00000,0x0000000080d04470,0x0000000084480000)
 Metaspace       used 13434K, capacity 13678K, committed 14080K, reserved 1064960K
  class space    used 1593K, capacity 1678K, committed 1792K, reserved 1048576K
}

